[22:24:49.771] Global cache location '/home/victor/.cache/typescript/4.3', safe file path '/usr/local/share/.config/yarn/global/node_modules/typescript/lib/typingSafeList.json', types map path /usr/local/share/.config/yarn/global/node_modules/typescript/lib/typesMap.json
[22:24:49.772] Processing cache location '/home/victor/.cache/typescript/4.3'
[22:24:49.772] Trying to find '/home/victor/.cache/typescript/4.3/package.json'...
[22:24:49.776] Loaded content of '/home/victor/.cache/typescript/4.3/package.json': {"private":true,"dependencies":{"types-registry":"^0.1.577"},"devDependencies":{"@types/abbrev":"^1.1.1","@types/accepts":"^1.3.5","@types/babel__core":"^7.1.15","@types/babel__plugin-transform-runtime":"^7.9.2","@types/babel__preset-env":"^7.9.2","@types/balanced-match":"^1.0.1","@types/bencode":"^2.0.1","@types/bignum":"^0.0.29","@types/bindings":"^1.5.1","@types/body-parser":"^1.19.1","@types/bootstrap":"^5.1.2","@types/brace-expansion":"^1.1.0","@types/braces":"^3.0.1","@types/bytes":"^3.1.1","@types/cacheable-request":"^6.0.2","@types/color-convert":"^2.0.0","@types/color-name":"^1.1.1","@types/concat-map":"0.0.1","@types/configstore":"^5.0.1","@types/content-disposition":"^0.5.4","@types/content-type":"^1.1.5","@types/cookie":"^0.4.1","@types/cookie-signature":"^1.0.3","@types/debug":"^4.1.7","@types/deep-extend":"^0.4.31","@types/depd":"^1.1.32","@types/destroy":"^1.0.0","@types/diff":"^5.0.1","@types/duplexer3":"^0.1.1","@types/ee-first":"^1.1.0","@types/encodeurl":"^1.0.0","@types/end-of-stream":"^1.4.1","@types/escape-html":"^1.0.1","@types/etag":"^1.8.1","@types/express":"^4.17.13","@types/finalhandler":"^1.1.1","@types/forwarded":"^0.1.0","@types/fresh":"^0.5.0","@types/glob-parent":"^5.1.1","@types/got":"^9.6.12","@types/graceful-fs":"^4.1.5","@types/http-cache-semantics":"^4.0.1","@types/http-errors":"^1.8.1","@types/imurmurhash":"^0.1.1","@types/inherits":"0.0.30","@types/ini":"^1.3.30","@types/is-ci":"^3.0.0","@types/is-glob":"^4.0.2","@types/is-number":"^7.0.1","@types/is-typedarray":"^1.0.0","@types/json-buffer":"^3.0.0","@types/keyv":"^3.1.2","@types/media-typer":"^1.1.1","@types/merge-descriptors":"^1.0.1","@types/methods":"^1.1.1","@types/mime":"^2.0.3","@types/mime-db":"^1.43.1","@types/mime-types":"^2.1.1","@types/minimatch":"^3.0.5","@types/minimist":"^1.2.2","@types/ms":"^0.7.31","@types/negotiator":"^0.6.1","@types/nodemon":"^1.19.1","@types/nopt":"^3.0.29","@types/normalize-path":"^3.0.0","@types/on-finished":"^2.3.1","@types/once":"^1.4.0","@types/parseurl":"^1.3.1","@types/picomatch":"^2.2.6","@types/proxy-addr":"^2.0.0","@types/pump":"^1.1.1","@types/qs":"^6.9.7","@types/range-parser":"^1.2.4","@types/rc":"^1.2.0","@types/react":"^17.0.19","@types/react-bootstrap":"^0.32.26","@types/react-dom":"^17.0.9","@types/react-router-dom":"^5.1.8","@types/registry-auth-token":"^4.2.1","@types/responselike":"^1.0.0","@types/safer-buffer":"^2.1.0","@types/semver":"^7.3.8","@types/send":"^0.17.1","@types/serve-static":"^1.13.10","@types/signal-exit":"^3.0.1","@types/statuses":"^2.0.0","@types/styled-components":"^5.1.13","@types/supports-color":"^8.1.1","@types/touch":"^3.1.2","@types/type-is":"^1.6.3","@types/update-notifier":"^5.1.0","@types/utils-merge":"0.0.28","@types/vary":"^1.1.0","@types/write-file-atomic":"^3.0.2"}}
[22:24:49.776] Loaded content of '/home/victor/.cache/typescript/4.3/package-lock.json'
[22:24:49.786] Adding entry into typings cache: 'abbrev' => '/home/victor/.cache/typescript/4.3/node_modules/@types/abbrev/index.d.ts'
[22:24:49.788] Adding entry into typings cache: 'accepts' => '/home/victor/.cache/typescript/4.3/node_modules/@types/accepts/index.d.ts'
[22:24:49.790] Adding entry into typings cache: 'babel__core' => '/home/victor/.cache/typescript/4.3/node_modules/@types/babel__core/index.d.ts'
[22:24:49.792] Adding entry into typings cache: 'babel__plugin-transform-runtime' => '/home/victor/.cache/typescript/4.3/node_modules/@types/babel__plugin-transform-runtime/index.d.ts'
[22:24:49.795] Adding entry into typings cache: 'babel__preset-env' => '/home/victor/.cache/typescript/4.3/node_modules/@types/babel__preset-env/index.d.ts'
[22:24:49.797] Adding entry into typings cache: 'balanced-match' => '/home/victor/.cache/typescript/4.3/node_modules/@types/balanced-match/index.d.ts'
[22:24:49.798] Adding entry into typings cache: 'bencode' => '/home/victor/.cache/typescript/4.3/node_modules/@types/bencode/index.d.ts'
[22:24:49.799] Adding entry into typings cache: 'bignum' => '/home/victor/.cache/typescript/4.3/node_modules/@types/bignum/index.d.ts'
[22:24:49.800] Adding entry into typings cache: 'bindings' => '/home/victor/.cache/typescript/4.3/node_modules/@types/bindings/index.d.ts'
[22:24:49.802] Adding entry into typings cache: 'body-parser' => '/home/victor/.cache/typescript/4.3/node_modules/@types/body-parser/index.d.ts'
[22:24:49.804] Adding entry into typings cache: 'bootstrap' => '/home/victor/.cache/typescript/4.3/node_modules/@types/bootstrap/index.d.ts'
[22:24:49.806] Adding entry into typings cache: 'brace-expansion' => '/home/victor/.cache/typescript/4.3/node_modules/@types/brace-expansion/index.d.ts'
[22:24:49.808] Adding entry into typings cache: 'braces' => '/home/victor/.cache/typescript/4.3/node_modules/@types/braces/index.d.ts'
[22:24:49.810] Adding entry into typings cache: 'bytes' => '/home/victor/.cache/typescript/4.3/node_modules/@types/bytes/index.d.ts'
[22:24:49.812] Adding entry into typings cache: 'cacheable-request' => '/home/victor/.cache/typescript/4.3/node_modules/@types/cacheable-request/index.d.ts'
[22:24:49.816] Adding entry into typings cache: 'color-convert' => '/home/victor/.cache/typescript/4.3/node_modules/@types/color-convert/index.d.ts'
[22:24:49.819] Adding entry into typings cache: 'color-name' => '/home/victor/.cache/typescript/4.3/node_modules/@types/color-name/index.d.ts'
[22:24:49.820] Adding entry into typings cache: 'concat-map' => '/home/victor/.cache/typescript/4.3/node_modules/@types/concat-map/index.d.ts'
[22:24:49.822] Adding entry into typings cache: 'configstore' => '/home/victor/.cache/typescript/4.3/node_modules/@types/configstore/index.d.ts'
[22:24:49.823] Adding entry into typings cache: 'content-disposition' => '/home/victor/.cache/typescript/4.3/node_modules/@types/content-disposition/index.d.ts'
[22:24:49.824] Adding entry into typings cache: 'content-type' => '/home/victor/.cache/typescript/4.3/node_modules/@types/content-type/index.d.ts'
[22:24:49.826] Adding entry into typings cache: 'cookie' => '/home/victor/.cache/typescript/4.3/node_modules/@types/cookie/index.d.ts'
[22:24:49.828] Adding entry into typings cache: 'cookie-signature' => '/home/victor/.cache/typescript/4.3/node_modules/@types/cookie-signature/index.d.ts'
[22:24:49.830] Adding entry into typings cache: 'debug' => '/home/victor/.cache/typescript/4.3/node_modules/@types/debug/index.d.ts'
[22:24:49.831] Adding entry into typings cache: 'deep-extend' => '/home/victor/.cache/typescript/4.3/node_modules/@types/deep-extend/index.d.ts'
[22:24:49.832] Adding entry into typings cache: 'depd' => '/home/victor/.cache/typescript/4.3/node_modules/@types/depd/index.d.ts'
[22:24:49.834] Adding entry into typings cache: 'destroy' => '/home/victor/.cache/typescript/4.3/node_modules/@types/destroy/index.d.ts'
[22:24:49.835] Adding entry into typings cache: 'diff' => '/home/victor/.cache/typescript/4.3/node_modules/@types/diff/index.d.ts'
[22:24:49.837] Adding entry into typings cache: 'duplexer3' => '/home/victor/.cache/typescript/4.3/node_modules/@types/duplexer3/index.d.ts'
[22:24:49.839] Adding entry into typings cache: 'ee-first' => '/home/victor/.cache/typescript/4.3/node_modules/@types/ee-first/index.d.ts'
[22:24:49.840] Adding entry into typings cache: 'encodeurl' => '/home/victor/.cache/typescript/4.3/node_modules/@types/encodeurl/index.d.ts'
[22:24:49.842] Adding entry into typings cache: 'end-of-stream' => '/home/victor/.cache/typescript/4.3/node_modules/@types/end-of-stream/index.d.ts'
[22:24:49.843] Adding entry into typings cache: 'escape-html' => '/home/victor/.cache/typescript/4.3/node_modules/@types/escape-html/index.d.ts'
[22:24:49.845] Adding entry into typings cache: 'etag' => '/home/victor/.cache/typescript/4.3/node_modules/@types/etag/index.d.ts'
[22:24:49.847] Adding entry into typings cache: 'express' => '/home/victor/.cache/typescript/4.3/node_modules/@types/express/index.d.ts'
[22:24:49.849] Adding entry into typings cache: 'finalhandler' => '/home/victor/.cache/typescript/4.3/node_modules/@types/finalhandler/index.d.ts'
[22:24:49.850] Adding entry into typings cache: 'forwarded' => '/home/victor/.cache/typescript/4.3/node_modules/@types/forwarded/index.d.ts'
[22:24:49.852] Adding entry into typings cache: 'fresh' => '/home/victor/.cache/typescript/4.3/node_modules/@types/fresh/index.d.ts'
[22:24:49.853] Adding entry into typings cache: 'glob-parent' => '/home/victor/.cache/typescript/4.3/node_modules/@types/glob-parent/index.d.ts'
[22:24:49.855] Adding entry into typings cache: 'got' => '/home/victor/.cache/typescript/4.3/node_modules/@types/got/index.d.ts'
[22:24:49.856] Adding entry into typings cache: 'graceful-fs' => '/home/victor/.cache/typescript/4.3/node_modules/@types/graceful-fs/index.d.ts'
[22:24:49.857] Adding entry into typings cache: 'http-cache-semantics' => '/home/victor/.cache/typescript/4.3/node_modules/@types/http-cache-semantics/index.d.ts'
[22:24:49.859] Adding entry into typings cache: 'http-errors' => '/home/victor/.cache/typescript/4.3/node_modules/@types/http-errors/index.d.ts'
[22:24:49.860] Adding entry into typings cache: 'imurmurhash' => '/home/victor/.cache/typescript/4.3/node_modules/@types/imurmurhash/index.d.ts'
[22:24:49.861] Adding entry into typings cache: 'inherits' => '/home/victor/.cache/typescript/4.3/node_modules/@types/inherits/index.d.ts'
[22:24:49.863] Adding entry into typings cache: 'ini' => '/home/victor/.cache/typescript/4.3/node_modules/@types/ini/index.d.ts'
[22:24:49.865] Adding entry into typings cache: 'is-ci' => '/home/victor/.cache/typescript/4.3/node_modules/@types/is-ci/index.d.ts'
[22:24:49.866] Adding entry into typings cache: 'is-glob' => '/home/victor/.cache/typescript/4.3/node_modules/@types/is-glob/index.d.ts'
[22:24:49.867] Adding entry into typings cache: 'is-number' => '/home/victor/.cache/typescript/4.3/node_modules/@types/is-number/index.d.ts'
[22:24:49.868] Adding entry into typings cache: 'is-typedarray' => '/home/victor/.cache/typescript/4.3/node_modules/@types/is-typedarray/index.d.ts'
[22:24:49.869] Adding entry into typings cache: 'json-buffer' => '/home/victor/.cache/typescript/4.3/node_modules/@types/json-buffer/index.d.ts'
[22:24:49.872] Adding entry into typings cache: 'keyv' => '/home/victor/.cache/typescript/4.3/node_modules/@types/keyv/index.d.ts'
[22:24:49.873] Adding entry into typings cache: 'media-typer' => '/home/victor/.cache/typescript/4.3/node_modules/@types/media-typer/index.d.ts'
[22:24:49.875] Adding entry into typings cache: 'merge-descriptors' => '/home/victor/.cache/typescript/4.3/node_modules/@types/merge-descriptors/index.d.ts'
[22:24:49.876] Adding entry into typings cache: 'methods' => '/home/victor/.cache/typescript/4.3/node_modules/@types/methods/index.d.ts'
[22:24:49.877] Adding entry into typings cache: 'mime' => '/home/victor/.cache/typescript/4.3/node_modules/@types/mime/index.d.ts'
[22:24:49.879] Adding entry into typings cache: 'mime-db' => '/home/victor/.cache/typescript/4.3/node_modules/@types/mime-db/index.d.ts'
[22:24:49.881] Adding entry into typings cache: 'mime-types' => '/home/victor/.cache/typescript/4.3/node_modules/@types/mime-types/index.d.ts'
[22:24:49.882] Adding entry into typings cache: 'minimatch' => '/home/victor/.cache/typescript/4.3/node_modules/@types/minimatch/index.d.ts'
[22:24:49.883] Adding entry into typings cache: 'minimist' => '/home/victor/.cache/typescript/4.3/node_modules/@types/minimist/index.d.ts'
[22:24:49.885] Adding entry into typings cache: 'ms' => '/home/victor/.cache/typescript/4.3/node_modules/@types/ms/index.d.ts'
[22:24:49.886] Adding entry into typings cache: 'negotiator' => '/home/victor/.cache/typescript/4.3/node_modules/@types/negotiator/index.d.ts'
[22:24:49.887] Adding entry into typings cache: 'nodemon' => '/home/victor/.cache/typescript/4.3/node_modules/@types/nodemon/index.d.ts'
[22:24:49.888] Adding entry into typings cache: 'nopt' => '/home/victor/.cache/typescript/4.3/node_modules/@types/nopt/index.d.ts'
[22:24:49.889] Adding entry into typings cache: 'normalize-path' => '/home/victor/.cache/typescript/4.3/node_modules/@types/normalize-path/index.d.ts'
[22:24:49.890] Adding entry into typings cache: 'on-finished' => '/home/victor/.cache/typescript/4.3/node_modules/@types/on-finished/index.d.ts'
[22:24:49.891] Adding entry into typings cache: 'once' => '/home/victor/.cache/typescript/4.3/node_modules/@types/once/index.d.ts'
[22:24:49.892] Adding entry into typings cache: 'parseurl' => '/home/victor/.cache/typescript/4.3/node_modules/@types/parseurl/index.d.ts'
[22:24:49.893] Adding entry into typings cache: 'picomatch' => '/home/victor/.cache/typescript/4.3/node_modules/@types/picomatch/index.d.ts'
[22:24:49.894] Adding entry into typings cache: 'proxy-addr' => '/home/victor/.cache/typescript/4.3/node_modules/@types/proxy-addr/index.d.ts'
[22:24:49.895] Adding entry into typings cache: 'pump' => '/home/victor/.cache/typescript/4.3/node_modules/@types/pump/index.d.ts'
[22:24:49.896] Adding entry into typings cache: 'qs' => '/home/victor/.cache/typescript/4.3/node_modules/@types/qs/index.d.ts'
[22:24:49.898] Adding entry into typings cache: 'range-parser' => '/home/victor/.cache/typescript/4.3/node_modules/@types/range-parser/index.d.ts'
[22:24:49.899] Adding entry into typings cache: 'rc' => '/home/victor/.cache/typescript/4.3/node_modules/@types/rc/index.d.ts'
[22:24:49.901] Adding entry into typings cache: 'react' => '/home/victor/.cache/typescript/4.3/node_modules/@types/react/index.d.ts'
[22:24:49.903] Adding entry into typings cache: 'react-bootstrap' => '/home/victor/.cache/typescript/4.3/node_modules/@types/react-bootstrap/index.d.ts'
[22:24:49.903] Adding entry into typings cache: 'react-dom' => '/home/victor/.cache/typescript/4.3/node_modules/@types/react-dom/index.d.ts'
[22:24:49.904] Adding entry into typings cache: 'react-router-dom' => '/home/victor/.cache/typescript/4.3/node_modules/@types/react-router-dom/index.d.ts'
[22:24:49.905] Adding entry into typings cache: 'registry-auth-token' => '/home/victor/.cache/typescript/4.3/node_modules/@types/registry-auth-token/index.d.ts'
[22:24:49.906] Adding entry into typings cache: 'responselike' => '/home/victor/.cache/typescript/4.3/node_modules/@types/responselike/index.d.ts'
[22:24:49.907] Adding entry into typings cache: 'safer-buffer' => '/home/victor/.cache/typescript/4.3/node_modules/@types/safer-buffer/index.d.ts'
[22:24:49.908] Adding entry into typings cache: 'semver' => '/home/victor/.cache/typescript/4.3/node_modules/@types/semver/index.d.ts'
[22:24:49.909] Adding entry into typings cache: 'send' => '/home/victor/.cache/typescript/4.3/node_modules/@types/send/index.d.ts'
[22:24:49.910] Adding entry into typings cache: 'serve-static' => '/home/victor/.cache/typescript/4.3/node_modules/@types/serve-static/index.d.ts'
[22:24:49.911] Adding entry into typings cache: 'signal-exit' => '/home/victor/.cache/typescript/4.3/node_modules/@types/signal-exit/index.d.ts'
[22:24:49.913] Adding entry into typings cache: 'statuses' => '/home/victor/.cache/typescript/4.3/node_modules/@types/statuses/index.d.ts'
[22:24:49.914] Adding entry into typings cache: 'styled-components' => '/home/victor/.cache/typescript/4.3/node_modules/@types/styled-components/index.d.ts'
[22:24:49.915] Adding entry into typings cache: 'supports-color' => '/home/victor/.cache/typescript/4.3/node_modules/@types/supports-color/index.d.ts'
[22:24:49.916] Adding entry into typings cache: 'touch' => '/home/victor/.cache/typescript/4.3/node_modules/@types/touch/index.d.ts'
[22:24:49.916] Adding entry into typings cache: 'type-is' => '/home/victor/.cache/typescript/4.3/node_modules/@types/type-is/index.d.ts'
[22:24:49.917] Adding entry into typings cache: 'update-notifier' => '/home/victor/.cache/typescript/4.3/node_modules/@types/update-notifier/index.d.ts'
[22:24:49.918] Adding entry into typings cache: 'utils-merge' => '/home/victor/.cache/typescript/4.3/node_modules/@types/utils-merge/index.d.ts'
[22:24:49.919] Adding entry into typings cache: 'vary' => '/home/victor/.cache/typescript/4.3/node_modules/@types/vary/index.d.ts'
[22:24:49.920] Adding entry into typings cache: 'write-file-atomic' => '/home/victor/.cache/typescript/4.3/node_modules/@types/write-file-atomic/index.d.ts'
[22:24:49.920] Finished processing cache location '/home/victor/.cache/typescript/4.3'
[22:24:49.920] Process id: 13728
[22:24:49.920] NPM location: /usr/bin/npm (explicit '--npmLocation' not  provided)
[22:24:49.920] validateDefaultNpmLocation: false
[22:24:49.921] Npm config file: /home/victor/.cache/typescript/4.3/package.json
[22:24:49.921] Updating types-registry npm package...
[22:24:49.921] Exec: /usr/bin/npm install --ignore-scripts types-registry@latest
[22:24:51.265]     Succeeded. stdout:
    
    changed 1 package, and audited 150 packages in 1s

5 packages are looking for funding
  run `npm fund` for details

4 moderate severity vulnerabilities

To address all issues, run:
  npm audit fix

Run `npm audit` for details.

[22:24:51.265] Updated types-registry npm package
