[13:47:32.035] Global cache location '/home/victor/.cache/typescript/4.3', safe file path '/usr/local/share/.config/yarn/global/node_modules/typescript/lib/typingSafeList.json', types map path /usr/local/share/.config/yarn/global/node_modules/typescript/lib/typesMap.json
[13:47:32.036] Processing cache location '/home/victor/.cache/typescript/4.3'
[13:47:32.036] Trying to find '/home/victor/.cache/typescript/4.3/package.json'...
[13:47:32.039] Loaded content of '/home/victor/.cache/typescript/4.3/package.json': {"private":true,"dependencies":{"types-registry":"^0.1.580"},"devDependencies":{"@types/abbrev":"^1.1.1","@types/accepts":"^1.3.5","@types/babel__core":"^7.1.15","@types/babel__plugin-transform-runtime":"^7.9.2","@types/babel__preset-env":"^7.9.2","@types/balanced-match":"^1.0.1","@types/bencode":"^2.0.1","@types/bignum":"^0.0.29","@types/bindings":"^1.5.1","@types/body-parser":"^1.19.1","@types/bootstrap":"^5.1.2","@types/brace-expansion":"^1.1.0","@types/braces":"^3.0.1","@types/bytes":"^3.1.1","@types/cacheable-request":"^6.0.2","@types/color-convert":"^2.0.0","@types/color-name":"^1.1.1","@types/concat-map":"0.0.1","@types/configstore":"^5.0.1","@types/content-disposition":"^0.5.4","@types/content-type":"^1.1.5","@types/cookie":"^0.4.1","@types/cookie-signature":"^1.0.3","@types/debug":"^4.1.7","@types/deep-extend":"^0.4.31","@types/depd":"^1.1.32","@types/destroy":"^1.0.0","@types/diff":"^5.0.1","@types/duplexer3":"^0.1.1","@types/ee-first":"^1.1.0","@types/encodeurl":"^1.0.0","@types/end-of-stream":"^1.4.1","@types/escape-html":"^1.0.1","@types/etag":"^1.8.1","@types/express":"^4.17.13","@types/finalhandler":"^1.1.1","@types/forwarded":"^0.1.0","@types/fresh":"^0.5.0","@types/glob-parent":"^5.1.1","@types/got":"^9.6.12","@types/graceful-fs":"^4.1.5","@types/http-cache-semantics":"^4.0.1","@types/http-errors":"^1.8.1","@types/imurmurhash":"^0.1.1","@types/inherits":"0.0.30","@types/ini":"^1.3.30","@types/is-ci":"^3.0.0","@types/is-glob":"^4.0.2","@types/is-number":"^7.0.1","@types/is-typedarray":"^1.0.0","@types/json-buffer":"^3.0.0","@types/keyv":"^3.1.2","@types/media-typer":"^1.1.1","@types/merge-descriptors":"^1.0.1","@types/methods":"^1.1.1","@types/mime":"^2.0.3","@types/mime-db":"^1.43.1","@types/mime-types":"^2.1.1","@types/minimatch":"^3.0.5","@types/minimist":"^1.2.2","@types/ms":"^0.7.31","@types/negotiator":"^0.6.1","@types/nodemon":"^1.19.1","@types/nopt":"^3.0.29","@types/normalize-path":"^3.0.0","@types/on-finished":"^2.3.1","@types/once":"^1.4.0","@types/parseurl":"^1.3.1","@types/picomatch":"^2.2.6","@types/proxy-addr":"^2.0.0","@types/pump":"^1.1.1","@types/qs":"^6.9.7","@types/range-parser":"^1.2.4","@types/rc":"^1.2.0","@types/react":"^17.0.19","@types/react-bootstrap":"^0.32.26","@types/react-dom":"^17.0.9","@types/react-router-dom":"^5.1.8","@types/registry-auth-token":"^4.2.1","@types/responselike":"^1.0.0","@types/safer-buffer":"^2.1.0","@types/semver":"^7.3.8","@types/send":"^0.17.1","@types/serve-static":"^1.13.10","@types/signal-exit":"^3.0.1","@types/statuses":"^2.0.0","@types/styled-components":"^5.1.13","@types/supports-color":"^8.1.1","@types/touch":"^3.1.2","@types/type-is":"^1.6.3","@types/update-notifier":"^5.1.0","@types/utils-merge":"0.0.28","@types/vary":"^1.1.0","@types/write-file-atomic":"^3.0.2"}}
[13:47:32.039] Loaded content of '/home/victor/.cache/typescript/4.3/package-lock.json'
[13:47:32.058] Adding entry into typings cache: 'abbrev' => '/home/victor/.cache/typescript/4.3/node_modules/@types/abbrev/index.d.ts'
[13:47:32.063] Adding entry into typings cache: 'accepts' => '/home/victor/.cache/typescript/4.3/node_modules/@types/accepts/index.d.ts'
[13:47:32.067] Adding entry into typings cache: 'babel__core' => '/home/victor/.cache/typescript/4.3/node_modules/@types/babel__core/index.d.ts'
[13:47:32.069] Adding entry into typings cache: 'babel__plugin-transform-runtime' => '/home/victor/.cache/typescript/4.3/node_modules/@types/babel__plugin-transform-runtime/index.d.ts'
[13:47:32.072] Adding entry into typings cache: 'babel__preset-env' => '/home/victor/.cache/typescript/4.3/node_modules/@types/babel__preset-env/index.d.ts'
[13:47:32.076] Adding entry into typings cache: 'balanced-match' => '/home/victor/.cache/typescript/4.3/node_modules/@types/balanced-match/index.d.ts'
[13:47:32.077] Adding entry into typings cache: 'bencode' => '/home/victor/.cache/typescript/4.3/node_modules/@types/bencode/index.d.ts'
[13:47:32.078] Adding entry into typings cache: 'bignum' => '/home/victor/.cache/typescript/4.3/node_modules/@types/bignum/index.d.ts'
[13:47:32.079] Adding entry into typings cache: 'bindings' => '/home/victor/.cache/typescript/4.3/node_modules/@types/bindings/index.d.ts'
[13:47:32.081] Adding entry into typings cache: 'body-parser' => '/home/victor/.cache/typescript/4.3/node_modules/@types/body-parser/index.d.ts'
[13:47:32.083] Adding entry into typings cache: 'bootstrap' => '/home/victor/.cache/typescript/4.3/node_modules/@types/bootstrap/index.d.ts'
[13:47:32.087] Adding entry into typings cache: 'brace-expansion' => '/home/victor/.cache/typescript/4.3/node_modules/@types/brace-expansion/index.d.ts'
[13:47:32.090] Adding entry into typings cache: 'braces' => '/home/victor/.cache/typescript/4.3/node_modules/@types/braces/index.d.ts'
[13:47:32.093] Adding entry into typings cache: 'bytes' => '/home/victor/.cache/typescript/4.3/node_modules/@types/bytes/index.d.ts'
[13:47:32.095] Adding entry into typings cache: 'cacheable-request' => '/home/victor/.cache/typescript/4.3/node_modules/@types/cacheable-request/index.d.ts'
[13:47:32.100] Adding entry into typings cache: 'color-convert' => '/home/victor/.cache/typescript/4.3/node_modules/@types/color-convert/index.d.ts'
[13:47:32.104] Adding entry into typings cache: 'color-name' => '/home/victor/.cache/typescript/4.3/node_modules/@types/color-name/index.d.ts'
[13:47:32.105] Adding entry into typings cache: 'concat-map' => '/home/victor/.cache/typescript/4.3/node_modules/@types/concat-map/index.d.ts'
[13:47:32.106] Adding entry into typings cache: 'configstore' => '/home/victor/.cache/typescript/4.3/node_modules/@types/configstore/index.d.ts'
[13:47:32.108] Adding entry into typings cache: 'content-disposition' => '/home/victor/.cache/typescript/4.3/node_modules/@types/content-disposition/index.d.ts'
[13:47:32.109] Adding entry into typings cache: 'content-type' => '/home/victor/.cache/typescript/4.3/node_modules/@types/content-type/index.d.ts'
[13:47:32.111] Adding entry into typings cache: 'cookie' => '/home/victor/.cache/typescript/4.3/node_modules/@types/cookie/index.d.ts'
[13:47:32.114] Adding entry into typings cache: 'cookie-signature' => '/home/victor/.cache/typescript/4.3/node_modules/@types/cookie-signature/index.d.ts'
[13:47:32.117] Adding entry into typings cache: 'debug' => '/home/victor/.cache/typescript/4.3/node_modules/@types/debug/index.d.ts'
[13:47:32.119] Adding entry into typings cache: 'deep-extend' => '/home/victor/.cache/typescript/4.3/node_modules/@types/deep-extend/index.d.ts'
[13:47:32.122] Adding entry into typings cache: 'depd' => '/home/victor/.cache/typescript/4.3/node_modules/@types/depd/index.d.ts'
[13:47:32.125] Adding entry into typings cache: 'destroy' => '/home/victor/.cache/typescript/4.3/node_modules/@types/destroy/index.d.ts'
[13:47:32.127] Adding entry into typings cache: 'diff' => '/home/victor/.cache/typescript/4.3/node_modules/@types/diff/index.d.ts'
[13:47:32.128] Adding entry into typings cache: 'duplexer3' => '/home/victor/.cache/typescript/4.3/node_modules/@types/duplexer3/index.d.ts'
[13:47:32.130] Adding entry into typings cache: 'ee-first' => '/home/victor/.cache/typescript/4.3/node_modules/@types/ee-first/index.d.ts'
[13:47:32.131] Adding entry into typings cache: 'encodeurl' => '/home/victor/.cache/typescript/4.3/node_modules/@types/encodeurl/index.d.ts'
[13:47:32.132] Adding entry into typings cache: 'end-of-stream' => '/home/victor/.cache/typescript/4.3/node_modules/@types/end-of-stream/index.d.ts'
[13:47:32.135] Adding entry into typings cache: 'escape-html' => '/home/victor/.cache/typescript/4.3/node_modules/@types/escape-html/index.d.ts'
[13:47:32.137] Adding entry into typings cache: 'etag' => '/home/victor/.cache/typescript/4.3/node_modules/@types/etag/index.d.ts'
[13:47:32.139] Adding entry into typings cache: 'express' => '/home/victor/.cache/typescript/4.3/node_modules/@types/express/index.d.ts'
[13:47:32.142] Adding entry into typings cache: 'finalhandler' => '/home/victor/.cache/typescript/4.3/node_modules/@types/finalhandler/index.d.ts'
[13:47:32.143] Adding entry into typings cache: 'forwarded' => '/home/victor/.cache/typescript/4.3/node_modules/@types/forwarded/index.d.ts'
[13:47:32.144] Adding entry into typings cache: 'fresh' => '/home/victor/.cache/typescript/4.3/node_modules/@types/fresh/index.d.ts'
[13:47:32.146] Adding entry into typings cache: 'glob-parent' => '/home/victor/.cache/typescript/4.3/node_modules/@types/glob-parent/index.d.ts'
[13:47:32.149] Adding entry into typings cache: 'got' => '/home/victor/.cache/typescript/4.3/node_modules/@types/got/index.d.ts'
[13:47:32.150] Adding entry into typings cache: 'graceful-fs' => '/home/victor/.cache/typescript/4.3/node_modules/@types/graceful-fs/index.d.ts'
[13:47:32.151] Adding entry into typings cache: 'http-cache-semantics' => '/home/victor/.cache/typescript/4.3/node_modules/@types/http-cache-semantics/index.d.ts'
[13:47:32.153] Adding entry into typings cache: 'http-errors' => '/home/victor/.cache/typescript/4.3/node_modules/@types/http-errors/index.d.ts'
[13:47:32.154] Adding entry into typings cache: 'imurmurhash' => '/home/victor/.cache/typescript/4.3/node_modules/@types/imurmurhash/index.d.ts'
[13:47:32.155] Adding entry into typings cache: 'inherits' => '/home/victor/.cache/typescript/4.3/node_modules/@types/inherits/index.d.ts'
[13:47:32.158] Adding entry into typings cache: 'ini' => '/home/victor/.cache/typescript/4.3/node_modules/@types/ini/index.d.ts'
[13:47:32.161] Adding entry into typings cache: 'is-ci' => '/home/victor/.cache/typescript/4.3/node_modules/@types/is-ci/index.d.ts'
[13:47:32.162] Adding entry into typings cache: 'is-glob' => '/home/victor/.cache/typescript/4.3/node_modules/@types/is-glob/index.d.ts'
[13:47:32.163] Adding entry into typings cache: 'is-number' => '/home/victor/.cache/typescript/4.3/node_modules/@types/is-number/index.d.ts'
[13:47:32.164] Adding entry into typings cache: 'is-typedarray' => '/home/victor/.cache/typescript/4.3/node_modules/@types/is-typedarray/index.d.ts'
[13:47:32.165] Adding entry into typings cache: 'json-buffer' => '/home/victor/.cache/typescript/4.3/node_modules/@types/json-buffer/index.d.ts'
[13:47:32.166] Adding entry into typings cache: 'keyv' => '/home/victor/.cache/typescript/4.3/node_modules/@types/keyv/index.d.ts'
[13:47:32.167] Adding entry into typings cache: 'media-typer' => '/home/victor/.cache/typescript/4.3/node_modules/@types/media-typer/index.d.ts'
[13:47:32.169] Adding entry into typings cache: 'merge-descriptors' => '/home/victor/.cache/typescript/4.3/node_modules/@types/merge-descriptors/index.d.ts'
[13:47:32.170] Adding entry into typings cache: 'methods' => '/home/victor/.cache/typescript/4.3/node_modules/@types/methods/index.d.ts'
[13:47:32.171] Adding entry into typings cache: 'mime' => '/home/victor/.cache/typescript/4.3/node_modules/@types/mime/index.d.ts'
[13:47:32.174] Adding entry into typings cache: 'mime-db' => '/home/victor/.cache/typescript/4.3/node_modules/@types/mime-db/index.d.ts'
[13:47:32.176] Adding entry into typings cache: 'mime-types' => '/home/victor/.cache/typescript/4.3/node_modules/@types/mime-types/index.d.ts'
[13:47:32.178] Adding entry into typings cache: 'minimatch' => '/home/victor/.cache/typescript/4.3/node_modules/@types/minimatch/index.d.ts'
[13:47:32.179] Adding entry into typings cache: 'minimist' => '/home/victor/.cache/typescript/4.3/node_modules/@types/minimist/index.d.ts'
[13:47:32.181] Adding entry into typings cache: 'ms' => '/home/victor/.cache/typescript/4.3/node_modules/@types/ms/index.d.ts'
[13:47:32.182] Adding entry into typings cache: 'negotiator' => '/home/victor/.cache/typescript/4.3/node_modules/@types/negotiator/index.d.ts'
[13:47:32.183] Adding entry into typings cache: 'nodemon' => '/home/victor/.cache/typescript/4.3/node_modules/@types/nodemon/index.d.ts'
[13:47:32.184] Adding entry into typings cache: 'nopt' => '/home/victor/.cache/typescript/4.3/node_modules/@types/nopt/index.d.ts'
[13:47:32.186] Adding entry into typings cache: 'normalize-path' => '/home/victor/.cache/typescript/4.3/node_modules/@types/normalize-path/index.d.ts'
[13:47:32.187] Adding entry into typings cache: 'on-finished' => '/home/victor/.cache/typescript/4.3/node_modules/@types/on-finished/index.d.ts'
[13:47:32.189] Adding entry into typings cache: 'once' => '/home/victor/.cache/typescript/4.3/node_modules/@types/once/index.d.ts'
[13:47:32.190] Adding entry into typings cache: 'parseurl' => '/home/victor/.cache/typescript/4.3/node_modules/@types/parseurl/index.d.ts'
[13:47:32.191] Adding entry into typings cache: 'picomatch' => '/home/victor/.cache/typescript/4.3/node_modules/@types/picomatch/index.d.ts'
[13:47:32.192] Adding entry into typings cache: 'proxy-addr' => '/home/victor/.cache/typescript/4.3/node_modules/@types/proxy-addr/index.d.ts'
[13:47:32.193] Adding entry into typings cache: 'pump' => '/home/victor/.cache/typescript/4.3/node_modules/@types/pump/index.d.ts'
[13:47:32.194] Adding entry into typings cache: 'qs' => '/home/victor/.cache/typescript/4.3/node_modules/@types/qs/index.d.ts'
[13:47:32.197] Adding entry into typings cache: 'range-parser' => '/home/victor/.cache/typescript/4.3/node_modules/@types/range-parser/index.d.ts'
[13:47:32.198] Adding entry into typings cache: 'rc' => '/home/victor/.cache/typescript/4.3/node_modules/@types/rc/index.d.ts'
[13:47:32.200] Adding entry into typings cache: 'react' => '/home/victor/.cache/typescript/4.3/node_modules/@types/react/index.d.ts'
[13:47:32.202] Adding entry into typings cache: 'react-bootstrap' => '/home/victor/.cache/typescript/4.3/node_modules/@types/react-bootstrap/index.d.ts'
[13:47:32.202] Adding entry into typings cache: 'react-dom' => '/home/victor/.cache/typescript/4.3/node_modules/@types/react-dom/index.d.ts'
[13:47:32.203] Adding entry into typings cache: 'react-router-dom' => '/home/victor/.cache/typescript/4.3/node_modules/@types/react-router-dom/index.d.ts'
[13:47:32.204] Adding entry into typings cache: 'registry-auth-token' => '/home/victor/.cache/typescript/4.3/node_modules/@types/registry-auth-token/index.d.ts'
[13:47:32.205] Adding entry into typings cache: 'responselike' => '/home/victor/.cache/typescript/4.3/node_modules/@types/responselike/index.d.ts'
[13:47:32.206] Adding entry into typings cache: 'safer-buffer' => '/home/victor/.cache/typescript/4.3/node_modules/@types/safer-buffer/index.d.ts'
[13:47:32.207] Adding entry into typings cache: 'semver' => '/home/victor/.cache/typescript/4.3/node_modules/@types/semver/index.d.ts'
[13:47:32.208] Adding entry into typings cache: 'send' => '/home/victor/.cache/typescript/4.3/node_modules/@types/send/index.d.ts'
[13:47:32.209] Adding entry into typings cache: 'serve-static' => '/home/victor/.cache/typescript/4.3/node_modules/@types/serve-static/index.d.ts'
[13:47:32.211] Adding entry into typings cache: 'signal-exit' => '/home/victor/.cache/typescript/4.3/node_modules/@types/signal-exit/index.d.ts'
[13:47:32.212] Adding entry into typings cache: 'statuses' => '/home/victor/.cache/typescript/4.3/node_modules/@types/statuses/index.d.ts'
[13:47:32.213] Adding entry into typings cache: 'styled-components' => '/home/victor/.cache/typescript/4.3/node_modules/@types/styled-components/index.d.ts'
[13:47:32.214] Adding entry into typings cache: 'supports-color' => '/home/victor/.cache/typescript/4.3/node_modules/@types/supports-color/index.d.ts'
[13:47:32.215] Adding entry into typings cache: 'touch' => '/home/victor/.cache/typescript/4.3/node_modules/@types/touch/index.d.ts'
[13:47:32.215] Adding entry into typings cache: 'type-is' => '/home/victor/.cache/typescript/4.3/node_modules/@types/type-is/index.d.ts'
[13:47:32.216] Adding entry into typings cache: 'update-notifier' => '/home/victor/.cache/typescript/4.3/node_modules/@types/update-notifier/index.d.ts'
[13:47:32.217] Adding entry into typings cache: 'utils-merge' => '/home/victor/.cache/typescript/4.3/node_modules/@types/utils-merge/index.d.ts'
[13:47:32.217] Adding entry into typings cache: 'vary' => '/home/victor/.cache/typescript/4.3/node_modules/@types/vary/index.d.ts'
[13:47:32.219] Adding entry into typings cache: 'write-file-atomic' => '/home/victor/.cache/typescript/4.3/node_modules/@types/write-file-atomic/index.d.ts'
[13:47:32.219] Finished processing cache location '/home/victor/.cache/typescript/4.3'
[13:47:32.219] Process id: 4697
[13:47:32.219] NPM location: /usr/bin/npm (explicit '--npmLocation' not  provided)
[13:47:32.219] validateDefaultNpmLocation: false
[13:47:32.219] Npm config file: /home/victor/.cache/typescript/4.3/package.json
[13:47:32.220] Updating types-registry npm package...
[13:47:32.220] Exec: /usr/bin/npm install --ignore-scripts types-registry@latest
[13:47:33.489]     Succeeded. stdout:
    
    up to date, audited 150 packages in 1s

5 packages are looking for funding
  run `npm fund` for details

4 moderate severity vulnerabilities

To address all issues, run:
  npm audit fix

Run `npm audit` for details.

[13:47:33.489] Updated types-registry npm package
