[13:47:31.383] Global cache location '/home/victor/.cache/typescript/4.3', safe file path '/usr/local/share/.config/yarn/global/node_modules/typescript/lib/typingSafeList.json', types map path /usr/local/share/.config/yarn/global/node_modules/typescript/lib/typesMap.json
[13:47:31.384] Processing cache location '/home/victor/.cache/typescript/4.3'
[13:47:31.384] Trying to find '/home/victor/.cache/typescript/4.3/package.json'...
[13:47:31.386] Loaded content of '/home/victor/.cache/typescript/4.3/package.json': {"private":true,"dependencies":{"types-registry":"^0.1.580"},"devDependencies":{"@types/abbrev":"^1.1.1","@types/accepts":"^1.3.5","@types/babel__core":"^7.1.15","@types/babel__plugin-transform-runtime":"^7.9.2","@types/babel__preset-env":"^7.9.2","@types/balanced-match":"^1.0.1","@types/bencode":"^2.0.1","@types/bignum":"^0.0.29","@types/bindings":"^1.5.1","@types/body-parser":"^1.19.1","@types/bootstrap":"^5.1.2","@types/brace-expansion":"^1.1.0","@types/braces":"^3.0.1","@types/bytes":"^3.1.1","@types/cacheable-request":"^6.0.2","@types/color-convert":"^2.0.0","@types/color-name":"^1.1.1","@types/concat-map":"0.0.1","@types/configstore":"^5.0.1","@types/content-disposition":"^0.5.4","@types/content-type":"^1.1.5","@types/cookie":"^0.4.1","@types/cookie-signature":"^1.0.3","@types/debug":"^4.1.7","@types/deep-extend":"^0.4.31","@types/depd":"^1.1.32","@types/destroy":"^1.0.0","@types/diff":"^5.0.1","@types/duplexer3":"^0.1.1","@types/ee-first":"^1.1.0","@types/encodeurl":"^1.0.0","@types/end-of-stream":"^1.4.1","@types/escape-html":"^1.0.1","@types/etag":"^1.8.1","@types/express":"^4.17.13","@types/finalhandler":"^1.1.1","@types/forwarded":"^0.1.0","@types/fresh":"^0.5.0","@types/glob-parent":"^5.1.1","@types/got":"^9.6.12","@types/graceful-fs":"^4.1.5","@types/http-cache-semantics":"^4.0.1","@types/http-errors":"^1.8.1","@types/imurmurhash":"^0.1.1","@types/inherits":"0.0.30","@types/ini":"^1.3.30","@types/is-ci":"^3.0.0","@types/is-glob":"^4.0.2","@types/is-number":"^7.0.1","@types/is-typedarray":"^1.0.0","@types/json-buffer":"^3.0.0","@types/keyv":"^3.1.2","@types/media-typer":"^1.1.1","@types/merge-descriptors":"^1.0.1","@types/methods":"^1.1.1","@types/mime":"^2.0.3","@types/mime-db":"^1.43.1","@types/mime-types":"^2.1.1","@types/minimatch":"^3.0.5","@types/minimist":"^1.2.2","@types/ms":"^0.7.31","@types/negotiator":"^0.6.1","@types/nodemon":"^1.19.1","@types/nopt":"^3.0.29","@types/normalize-path":"^3.0.0","@types/on-finished":"^2.3.1","@types/once":"^1.4.0","@types/parseurl":"^1.3.1","@types/picomatch":"^2.2.6","@types/proxy-addr":"^2.0.0","@types/pump":"^1.1.1","@types/qs":"^6.9.7","@types/range-parser":"^1.2.4","@types/rc":"^1.2.0","@types/react":"^17.0.19","@types/react-bootstrap":"^0.32.26","@types/react-dom":"^17.0.9","@types/react-router-dom":"^5.1.8","@types/registry-auth-token":"^4.2.1","@types/responselike":"^1.0.0","@types/safer-buffer":"^2.1.0","@types/semver":"^7.3.8","@types/send":"^0.17.1","@types/serve-static":"^1.13.10","@types/signal-exit":"^3.0.1","@types/statuses":"^2.0.0","@types/styled-components":"^5.1.13","@types/supports-color":"^8.1.1","@types/touch":"^3.1.2","@types/type-is":"^1.6.3","@types/update-notifier":"^5.1.0","@types/utils-merge":"0.0.28","@types/vary":"^1.1.0","@types/write-file-atomic":"^3.0.2"}}
[13:47:31.386] Loaded content of '/home/victor/.cache/typescript/4.3/package-lock.json'
[13:47:31.400] Adding entry into typings cache: 'abbrev' => '/home/victor/.cache/typescript/4.3/node_modules/@types/abbrev/index.d.ts'
[13:47:31.403] Adding entry into typings cache: 'accepts' => '/home/victor/.cache/typescript/4.3/node_modules/@types/accepts/index.d.ts'
[13:47:31.405] Adding entry into typings cache: 'babel__core' => '/home/victor/.cache/typescript/4.3/node_modules/@types/babel__core/index.d.ts'
[13:47:31.408] Adding entry into typings cache: 'babel__plugin-transform-runtime' => '/home/victor/.cache/typescript/4.3/node_modules/@types/babel__plugin-transform-runtime/index.d.ts'
[13:47:31.410] Adding entry into typings cache: 'babel__preset-env' => '/home/victor/.cache/typescript/4.3/node_modules/@types/babel__preset-env/index.d.ts'
[13:47:31.413] Adding entry into typings cache: 'balanced-match' => '/home/victor/.cache/typescript/4.3/node_modules/@types/balanced-match/index.d.ts'
[13:47:31.415] Adding entry into typings cache: 'bencode' => '/home/victor/.cache/typescript/4.3/node_modules/@types/bencode/index.d.ts'
[13:47:31.416] Adding entry into typings cache: 'bignum' => '/home/victor/.cache/typescript/4.3/node_modules/@types/bignum/index.d.ts'
[13:47:31.418] Adding entry into typings cache: 'bindings' => '/home/victor/.cache/typescript/4.3/node_modules/@types/bindings/index.d.ts'
[13:47:31.421] Adding entry into typings cache: 'body-parser' => '/home/victor/.cache/typescript/4.3/node_modules/@types/body-parser/index.d.ts'
[13:47:31.423] Adding entry into typings cache: 'bootstrap' => '/home/victor/.cache/typescript/4.3/node_modules/@types/bootstrap/index.d.ts'
[13:47:31.427] Adding entry into typings cache: 'brace-expansion' => '/home/victor/.cache/typescript/4.3/node_modules/@types/brace-expansion/index.d.ts'
[13:47:31.431] Adding entry into typings cache: 'braces' => '/home/victor/.cache/typescript/4.3/node_modules/@types/braces/index.d.ts'
[13:47:31.433] Adding entry into typings cache: 'bytes' => '/home/victor/.cache/typescript/4.3/node_modules/@types/bytes/index.d.ts'
[13:47:31.435] Adding entry into typings cache: 'cacheable-request' => '/home/victor/.cache/typescript/4.3/node_modules/@types/cacheable-request/index.d.ts'
[13:47:31.442] Adding entry into typings cache: 'color-convert' => '/home/victor/.cache/typescript/4.3/node_modules/@types/color-convert/index.d.ts'
[13:47:31.446] Adding entry into typings cache: 'color-name' => '/home/victor/.cache/typescript/4.3/node_modules/@types/color-name/index.d.ts'
[13:47:31.448] Adding entry into typings cache: 'concat-map' => '/home/victor/.cache/typescript/4.3/node_modules/@types/concat-map/index.d.ts'
[13:47:31.450] Adding entry into typings cache: 'configstore' => '/home/victor/.cache/typescript/4.3/node_modules/@types/configstore/index.d.ts'
[13:47:31.453] Adding entry into typings cache: 'content-disposition' => '/home/victor/.cache/typescript/4.3/node_modules/@types/content-disposition/index.d.ts'
[13:47:31.455] Adding entry into typings cache: 'content-type' => '/home/victor/.cache/typescript/4.3/node_modules/@types/content-type/index.d.ts'
[13:47:31.457] Adding entry into typings cache: 'cookie' => '/home/victor/.cache/typescript/4.3/node_modules/@types/cookie/index.d.ts'
[13:47:31.459] Adding entry into typings cache: 'cookie-signature' => '/home/victor/.cache/typescript/4.3/node_modules/@types/cookie-signature/index.d.ts'
[13:47:31.464] Adding entry into typings cache: 'debug' => '/home/victor/.cache/typescript/4.3/node_modules/@types/debug/index.d.ts'
[13:47:31.466] Adding entry into typings cache: 'deep-extend' => '/home/victor/.cache/typescript/4.3/node_modules/@types/deep-extend/index.d.ts'
[13:47:31.468] Adding entry into typings cache: 'depd' => '/home/victor/.cache/typescript/4.3/node_modules/@types/depd/index.d.ts'
[13:47:31.471] Adding entry into typings cache: 'destroy' => '/home/victor/.cache/typescript/4.3/node_modules/@types/destroy/index.d.ts'
[13:47:31.473] Adding entry into typings cache: 'diff' => '/home/victor/.cache/typescript/4.3/node_modules/@types/diff/index.d.ts'
[13:47:31.475] Adding entry into typings cache: 'duplexer3' => '/home/victor/.cache/typescript/4.3/node_modules/@types/duplexer3/index.d.ts'
[13:47:31.477] Adding entry into typings cache: 'ee-first' => '/home/victor/.cache/typescript/4.3/node_modules/@types/ee-first/index.d.ts'
[13:47:31.479] Adding entry into typings cache: 'encodeurl' => '/home/victor/.cache/typescript/4.3/node_modules/@types/encodeurl/index.d.ts'
[13:47:31.481] Adding entry into typings cache: 'end-of-stream' => '/home/victor/.cache/typescript/4.3/node_modules/@types/end-of-stream/index.d.ts'
[13:47:31.483] Adding entry into typings cache: 'escape-html' => '/home/victor/.cache/typescript/4.3/node_modules/@types/escape-html/index.d.ts'
[13:47:31.485] Adding entry into typings cache: 'etag' => '/home/victor/.cache/typescript/4.3/node_modules/@types/etag/index.d.ts'
[13:47:31.487] Adding entry into typings cache: 'express' => '/home/victor/.cache/typescript/4.3/node_modules/@types/express/index.d.ts'
[13:47:31.492] Adding entry into typings cache: 'finalhandler' => '/home/victor/.cache/typescript/4.3/node_modules/@types/finalhandler/index.d.ts'
[13:47:31.493] Adding entry into typings cache: 'forwarded' => '/home/victor/.cache/typescript/4.3/node_modules/@types/forwarded/index.d.ts'
[13:47:31.495] Adding entry into typings cache: 'fresh' => '/home/victor/.cache/typescript/4.3/node_modules/@types/fresh/index.d.ts'
[13:47:31.497] Adding entry into typings cache: 'glob-parent' => '/home/victor/.cache/typescript/4.3/node_modules/@types/glob-parent/index.d.ts'
[13:47:31.500] Adding entry into typings cache: 'got' => '/home/victor/.cache/typescript/4.3/node_modules/@types/got/index.d.ts'
[13:47:31.502] Adding entry into typings cache: 'graceful-fs' => '/home/victor/.cache/typescript/4.3/node_modules/@types/graceful-fs/index.d.ts'
[13:47:31.503] Adding entry into typings cache: 'http-cache-semantics' => '/home/victor/.cache/typescript/4.3/node_modules/@types/http-cache-semantics/index.d.ts'
[13:47:31.505] Adding entry into typings cache: 'http-errors' => '/home/victor/.cache/typescript/4.3/node_modules/@types/http-errors/index.d.ts'
[13:47:31.507] Adding entry into typings cache: 'imurmurhash' => '/home/victor/.cache/typescript/4.3/node_modules/@types/imurmurhash/index.d.ts'
[13:47:31.508] Adding entry into typings cache: 'inherits' => '/home/victor/.cache/typescript/4.3/node_modules/@types/inherits/index.d.ts'
[13:47:31.512] Adding entry into typings cache: 'ini' => '/home/victor/.cache/typescript/4.3/node_modules/@types/ini/index.d.ts'
[13:47:31.515] Adding entry into typings cache: 'is-ci' => '/home/victor/.cache/typescript/4.3/node_modules/@types/is-ci/index.d.ts'
[13:47:31.517] Adding entry into typings cache: 'is-glob' => '/home/victor/.cache/typescript/4.3/node_modules/@types/is-glob/index.d.ts'
[13:47:31.518] Adding entry into typings cache: 'is-number' => '/home/victor/.cache/typescript/4.3/node_modules/@types/is-number/index.d.ts'
[13:47:31.519] Adding entry into typings cache: 'is-typedarray' => '/home/victor/.cache/typescript/4.3/node_modules/@types/is-typedarray/index.d.ts'
[13:47:31.520] Adding entry into typings cache: 'json-buffer' => '/home/victor/.cache/typescript/4.3/node_modules/@types/json-buffer/index.d.ts'
[13:47:31.522] Adding entry into typings cache: 'keyv' => '/home/victor/.cache/typescript/4.3/node_modules/@types/keyv/index.d.ts'
[13:47:31.523] Adding entry into typings cache: 'media-typer' => '/home/victor/.cache/typescript/4.3/node_modules/@types/media-typer/index.d.ts'
[13:47:31.526] Adding entry into typings cache: 'merge-descriptors' => '/home/victor/.cache/typescript/4.3/node_modules/@types/merge-descriptors/index.d.ts'
[13:47:31.527] Adding entry into typings cache: 'methods' => '/home/victor/.cache/typescript/4.3/node_modules/@types/methods/index.d.ts'
[13:47:31.528] Adding entry into typings cache: 'mime' => '/home/victor/.cache/typescript/4.3/node_modules/@types/mime/index.d.ts'
[13:47:31.530] Adding entry into typings cache: 'mime-db' => '/home/victor/.cache/typescript/4.3/node_modules/@types/mime-db/index.d.ts'
[13:47:31.533] Adding entry into typings cache: 'mime-types' => '/home/victor/.cache/typescript/4.3/node_modules/@types/mime-types/index.d.ts'
[13:47:31.534] Adding entry into typings cache: 'minimatch' => '/home/victor/.cache/typescript/4.3/node_modules/@types/minimatch/index.d.ts'
[13:47:31.536] Adding entry into typings cache: 'minimist' => '/home/victor/.cache/typescript/4.3/node_modules/@types/minimist/index.d.ts'
[13:47:31.538] Adding entry into typings cache: 'ms' => '/home/victor/.cache/typescript/4.3/node_modules/@types/ms/index.d.ts'
[13:47:31.540] Adding entry into typings cache: 'negotiator' => '/home/victor/.cache/typescript/4.3/node_modules/@types/negotiator/index.d.ts'
[13:47:31.542] Adding entry into typings cache: 'nodemon' => '/home/victor/.cache/typescript/4.3/node_modules/@types/nodemon/index.d.ts'
[13:47:31.543] Adding entry into typings cache: 'nopt' => '/home/victor/.cache/typescript/4.3/node_modules/@types/nopt/index.d.ts'
[13:47:31.545] Adding entry into typings cache: 'normalize-path' => '/home/victor/.cache/typescript/4.3/node_modules/@types/normalize-path/index.d.ts'
[13:47:31.546] Adding entry into typings cache: 'on-finished' => '/home/victor/.cache/typescript/4.3/node_modules/@types/on-finished/index.d.ts'
[13:47:31.547] Adding entry into typings cache: 'once' => '/home/victor/.cache/typescript/4.3/node_modules/@types/once/index.d.ts'
[13:47:31.548] Adding entry into typings cache: 'parseurl' => '/home/victor/.cache/typescript/4.3/node_modules/@types/parseurl/index.d.ts'
[13:47:31.548] Adding entry into typings cache: 'picomatch' => '/home/victor/.cache/typescript/4.3/node_modules/@types/picomatch/index.d.ts'
[13:47:31.549] Adding entry into typings cache: 'proxy-addr' => '/home/victor/.cache/typescript/4.3/node_modules/@types/proxy-addr/index.d.ts'
[13:47:31.550] Adding entry into typings cache: 'pump' => '/home/victor/.cache/typescript/4.3/node_modules/@types/pump/index.d.ts'
[13:47:31.551] Adding entry into typings cache: 'qs' => '/home/victor/.cache/typescript/4.3/node_modules/@types/qs/index.d.ts'
[13:47:31.554] Adding entry into typings cache: 'range-parser' => '/home/victor/.cache/typescript/4.3/node_modules/@types/range-parser/index.d.ts'
[13:47:31.556] Adding entry into typings cache: 'rc' => '/home/victor/.cache/typescript/4.3/node_modules/@types/rc/index.d.ts'
[13:47:31.559] Adding entry into typings cache: 'react' => '/home/victor/.cache/typescript/4.3/node_modules/@types/react/index.d.ts'
[13:47:31.560] Adding entry into typings cache: 'react-bootstrap' => '/home/victor/.cache/typescript/4.3/node_modules/@types/react-bootstrap/index.d.ts'
[13:47:31.561] Adding entry into typings cache: 'react-dom' => '/home/victor/.cache/typescript/4.3/node_modules/@types/react-dom/index.d.ts'
[13:47:31.562] Adding entry into typings cache: 'react-router-dom' => '/home/victor/.cache/typescript/4.3/node_modules/@types/react-router-dom/index.d.ts'
[13:47:31.563] Adding entry into typings cache: 'registry-auth-token' => '/home/victor/.cache/typescript/4.3/node_modules/@types/registry-auth-token/index.d.ts'
[13:47:31.564] Adding entry into typings cache: 'responselike' => '/home/victor/.cache/typescript/4.3/node_modules/@types/responselike/index.d.ts'
[13:47:31.565] Adding entry into typings cache: 'safer-buffer' => '/home/victor/.cache/typescript/4.3/node_modules/@types/safer-buffer/index.d.ts'
[13:47:31.566] Adding entry into typings cache: 'semver' => '/home/victor/.cache/typescript/4.3/node_modules/@types/semver/index.d.ts'
[13:47:31.568] Adding entry into typings cache: 'send' => '/home/victor/.cache/typescript/4.3/node_modules/@types/send/index.d.ts'
[13:47:31.569] Adding entry into typings cache: 'serve-static' => '/home/victor/.cache/typescript/4.3/node_modules/@types/serve-static/index.d.ts'
[13:47:31.571] Adding entry into typings cache: 'signal-exit' => '/home/victor/.cache/typescript/4.3/node_modules/@types/signal-exit/index.d.ts'
[13:47:31.573] Adding entry into typings cache: 'statuses' => '/home/victor/.cache/typescript/4.3/node_modules/@types/statuses/index.d.ts'
[13:47:31.574] Adding entry into typings cache: 'styled-components' => '/home/victor/.cache/typescript/4.3/node_modules/@types/styled-components/index.d.ts'
[13:47:31.575] Adding entry into typings cache: 'supports-color' => '/home/victor/.cache/typescript/4.3/node_modules/@types/supports-color/index.d.ts'
[13:47:31.576] Adding entry into typings cache: 'touch' => '/home/victor/.cache/typescript/4.3/node_modules/@types/touch/index.d.ts'
[13:47:31.576] Adding entry into typings cache: 'type-is' => '/home/victor/.cache/typescript/4.3/node_modules/@types/type-is/index.d.ts'
[13:47:31.577] Adding entry into typings cache: 'update-notifier' => '/home/victor/.cache/typescript/4.3/node_modules/@types/update-notifier/index.d.ts'
[13:47:31.578] Adding entry into typings cache: 'utils-merge' => '/home/victor/.cache/typescript/4.3/node_modules/@types/utils-merge/index.d.ts'
[13:47:31.578] Adding entry into typings cache: 'vary' => '/home/victor/.cache/typescript/4.3/node_modules/@types/vary/index.d.ts'
[13:47:31.579] Adding entry into typings cache: 'write-file-atomic' => '/home/victor/.cache/typescript/4.3/node_modules/@types/write-file-atomic/index.d.ts'
[13:47:31.579] Finished processing cache location '/home/victor/.cache/typescript/4.3'
[13:47:31.579] Process id: 4651
[13:47:31.580] NPM location: /usr/bin/npm (explicit '--npmLocation' not  provided)
[13:47:31.580] validateDefaultNpmLocation: false
[13:47:31.580] Npm config file: /home/victor/.cache/typescript/4.3/package.json
[13:47:31.580] Updating types-registry npm package...
[13:47:31.580] Exec: /usr/bin/npm install --ignore-scripts types-registry@latest
[13:47:32.969]     Succeeded. stdout:
    
    up to date, audited 150 packages in 1s

5 packages are looking for funding
  run `npm fund` for details

4 moderate severity vulnerabilities

To address all issues, run:
  npm audit fix

Run `npm audit` for details.

[13:47:32.970] Updated types-registry npm package
[14:48:24.566] Got install request {"projectName":"/dev/null/inferredProject1*","fileNames":["/usr/local/share/.config/yarn/global/node_modules/typescript/lib/lib.es5.d.ts","/usr/local/share/.config/yarn/global/node_modules/typescript/lib/lib.es2015.d.ts","/usr/local/share/.config/yarn/global/node_modules/typescript/lib/lib.es2016.d.ts","/usr/local/share/.config/yarn/global/node_modules/typescript/lib/lib.dom.d.ts","/usr/local/share/.config/yarn/global/node_modules/typescript/lib/lib.dom.iterable.d.ts","/usr/local/share/.config/yarn/global/node_modules/typescript/lib/lib.webworker.importscripts.d.ts","/usr/local/share/.config/yarn/global/node_modules/typescript/lib/lib.scripthost.d.ts","/usr/local/share/.config/yarn/global/node_modules/typescript/lib/lib.es2015.core.d.ts","/usr/local/share/.config/yarn/global/node_modules/typescript/lib/lib.es2015.collection.d.ts","/usr/local/share/.config/yarn/global/node_modules/typescript/lib/lib.es2015.generator.d.ts","/usr/local/share/.config/yarn/global/node_modules/typescript/lib/lib.es2015.iterable.d.ts","/usr/local/share/.config/yarn/global/node_modules/typescript/lib/lib.es2015.promise.d.ts","/usr/local/share/.config/yarn/global/node_modules/typescript/lib/lib.es2015.proxy.d.ts","/usr/local/share/.config/yarn/global/node_modules/typescript/lib/lib.es2015.reflect.d.ts","/usr/local/share/.config/yarn/global/node_modules/typescript/lib/lib.es2015.symbol.d.ts","/usr/local/share/.config/yarn/global/node_modules/typescript/lib/lib.es2015.symbol.wellknown.d.ts","/usr/local/share/.config/yarn/global/node_modules/typescript/lib/lib.es2016.array.include.d.ts","/usr/local/share/.config/yarn/global/node_modules/typescript/lib/lib.es2016.full.d.ts","/home/victor/Documents/codes/trab/personal-blog-back/node_modules/@adonisjs/auth/build/src/TokenProviders/Redis/index.js"],"compilerOptions":{"module":1,"target":3,"jsx":1,"allowJs":true,"allowSyntheticDefaultImports":true,"allowNonTsExtensions":true,"noEmitForJsFiles":true,"maxNodeModuleJsDepth":2},"typeAcquisition":{"enable":true,"include":[],"exclude":[]},"unresolvedImports":["@ioc:Adonis/Addons"],"projectRootPath":"/home/victor/Documents/codes/trab/personal-blog-back/node_modules/@adonisjs/auth/build/src/TokenProviders/Redis","kind":"discover"}
[14:48:24.582] Loaded safelist from types map file '/usr/local/share/.config/yarn/global/node_modules/typescript/lib/typesMap.json'
[14:48:24.583] Explicitly included types: []
[14:48:24.584] Inferred typings from unresolved imports: ["@ioc:Adonis/Addons"]
[14:48:24.584] Result: {"cachedTypingPaths":[],"newTypingNames":["@ioc:Adonis/Addons"],"filesToWatch":["/home/victor/Documents/codes/trab/personal-blog-back/node_modules/@adonisjs/auth/build/src/TokenProviders/Redis/bower_components","/home/victor/Documents/codes/trab/personal-blog-back/node_modules/@adonisjs/auth/build/src/TokenProviders/Redis/node_modules"]}
[14:48:24.584] Finished typings discovery: {"cachedTypingPaths":[],"newTypingNames":["@ioc:Adonis/Addons"],"filesToWatch":["/home/victor/Documents/codes/trab/personal-blog-back/node_modules/@adonisjs/auth/build/src/TokenProviders/Redis/bower_components","/home/victor/Documents/codes/trab/personal-blog-back/node_modules/@adonisjs/auth/build/src/TokenProviders/Redis/node_modules"]}
[14:48:24.585] DirectoryWatcher:: Added:: WatchInfo: /home/victor/Documents/codes/trab/personal-blog-back/node_modules/@adonisjs/auth/build/src/TokenProviders/Redis/bower_components
[14:48:24.585] DirectoryWatcher:: Added:: WatchInfo: /home/victor/Documents/codes/trab/personal-blog-back/node_modules/@adonisjs/auth/build/src/TokenProviders/Redis/bower_components 1 undefined Project: /dev/null/inferredProject1* watcher already invoked: false
[14:48:24.587] Elapsed:: 1.2904310002923012ms DirectoryWatcher:: Added:: WatchInfo: /home/victor/Documents/codes/trab/personal-blog-back/node_modules/@adonisjs/auth/build/src/TokenProviders/Redis/bower_components 1 undefined Project: /dev/null/inferredProject1* watcher already invoked: false
[14:48:24.587] DirectoryWatcher:: Added:: WatchInfo: /home/victor/Documents/codes/trab/personal-blog-back/node_modules/@adonisjs/auth/build/src/TokenProviders/Redis/node_modules
[14:48:24.587] DirectoryWatcher:: Added:: WatchInfo: /home/victor/Documents/codes/trab/personal-blog-back/node_modules/@adonisjs/auth/build/src/TokenProviders/Redis/node_modules 1 undefined Project: /dev/null/inferredProject1* watcher already invoked: false
[14:48:24.587] Elapsed:: 0.11961599998176098ms DirectoryWatcher:: Added:: WatchInfo: /home/victor/Documents/codes/trab/personal-blog-back/node_modules/@adonisjs/auth/build/src/TokenProviders/Redis/node_modules 1 undefined Project: /dev/null/inferredProject1* watcher already invoked: false
[14:48:24.587] Installing typings ["@ioc:Adonis/Addons"]
[14:48:24.588] '@ioc:Adonis/Addons':: Scope name 'ioc:Adonis' contains non URI safe characters
[14:48:24.588] All typings are known to be missing or invalid - no need to install more typings
[14:48:24.588] Sending response:
    {"projectName":"/dev/null/inferredProject1*","typeAcquisition":{"enable":true,"include":[],"exclude":[]},"compilerOptions":{"module":1,"target":3,"jsx":1,"allowJs":true,"allowSyntheticDefaultImports":true,"allowNonTsExtensions":true,"noEmitForJsFiles":true,"maxNodeModuleJsDepth":2},"typings":[],"unresolvedImports":["@ioc:Adonis/Addons"],"kind":"action::set"}
[14:48:24.588] Response has been sent.
[14:48:52.117] Got install request {"projectName":"/dev/null/inferredProject2*","fileNames":["/usr/local/share/.config/yarn/global/node_modules/typescript/lib/lib.es5.d.ts","/usr/local/share/.config/yarn/global/node_modules/typescript/lib/lib.es2015.d.ts","/usr/local/share/.config/yarn/global/node_modules/typescript/lib/lib.es2016.d.ts","/usr/local/share/.config/yarn/global/node_modules/typescript/lib/lib.dom.d.ts","/usr/local/share/.config/yarn/global/node_modules/typescript/lib/lib.dom.iterable.d.ts","/usr/local/share/.config/yarn/global/node_modules/typescript/lib/lib.webworker.importscripts.d.ts","/usr/local/share/.config/yarn/global/node_modules/typescript/lib/lib.scripthost.d.ts","/usr/local/share/.config/yarn/global/node_modules/typescript/lib/lib.es2015.core.d.ts","/usr/local/share/.config/yarn/global/node_modules/typescript/lib/lib.es2015.collection.d.ts","/usr/local/share/.config/yarn/global/node_modules/typescript/lib/lib.es2015.generator.d.ts","/usr/local/share/.config/yarn/global/node_modules/typescript/lib/lib.es2015.iterable.d.ts","/usr/local/share/.config/yarn/global/node_modules/typescript/lib/lib.es2015.promise.d.ts","/usr/local/share/.config/yarn/global/node_modules/typescript/lib/lib.es2015.proxy.d.ts","/usr/local/share/.config/yarn/global/node_modules/typescript/lib/lib.es2015.reflect.d.ts","/usr/local/share/.config/yarn/global/node_modules/typescript/lib/lib.es2015.symbol.d.ts","/usr/local/share/.config/yarn/global/node_modules/typescript/lib/lib.es2015.symbol.wellknown.d.ts","/usr/local/share/.config/yarn/global/node_modules/typescript/lib/lib.es2016.array.include.d.ts","/usr/local/share/.config/yarn/global/node_modules/typescript/lib/lib.es2016.full.d.ts","/home/victor/Documents/codes/trab/personal-blog-back/node_modules/@adonisjs/auth/build/src/TokenProviders/Database/index.js"],"compilerOptions":{"module":1,"target":3,"jsx":1,"allowJs":true,"allowSyntheticDefaultImports":true,"allowNonTsExtensions":true,"noEmitForJsFiles":true,"maxNodeModuleJsDepth":2},"typeAcquisition":{"enable":true,"include":[],"exclude":[]},"unresolvedImports":["@ioc:Adonis/Addons"],"projectRootPath":"/home/victor/Documents/codes/trab/personal-blog-back/node_modules/@adonisjs/auth/build/src/TokenProviders/Database","kind":"discover"}
[14:48:52.117] Explicitly included types: []
[14:48:52.117] Inferred typings from unresolved imports: ["@ioc:Adonis/Addons"]
[14:48:52.117] Result: {"cachedTypingPaths":[],"newTypingNames":["@ioc:Adonis/Addons"],"filesToWatch":["/home/victor/Documents/codes/trab/personal-blog-back/node_modules/@adonisjs/auth/build/src/TokenProviders/Database/bower_components","/home/victor/Documents/codes/trab/personal-blog-back/node_modules/@adonisjs/auth/build/src/TokenProviders/Database/node_modules"]}
[14:48:52.117] Finished typings discovery: {"cachedTypingPaths":[],"newTypingNames":["@ioc:Adonis/Addons"],"filesToWatch":["/home/victor/Documents/codes/trab/personal-blog-back/node_modules/@adonisjs/auth/build/src/TokenProviders/Database/bower_components","/home/victor/Documents/codes/trab/personal-blog-back/node_modules/@adonisjs/auth/build/src/TokenProviders/Database/node_modules"]}
[14:48:52.117] DirectoryWatcher:: Added:: WatchInfo: /home/victor/Documents/codes/trab/personal-blog-back/node_modules/@adonisjs/auth/build/src/TokenProviders/Database/bower_components
[14:48:52.117] DirectoryWatcher:: Added:: WatchInfo: /home/victor/Documents/codes/trab/personal-blog-back/node_modules/@adonisjs/auth/build/src/TokenProviders/Database/bower_components 1 undefined Project: /dev/null/inferredProject2* watcher already invoked: false
[14:48:52.117] Elapsed:: 0.11570699978619814ms DirectoryWatcher:: Added:: WatchInfo: /home/victor/Documents/codes/trab/personal-blog-back/node_modules/@adonisjs/auth/build/src/TokenProviders/Database/bower_components 1 undefined Project: /dev/null/inferredProject2* watcher already invoked: false
[14:48:52.117] DirectoryWatcher:: Added:: WatchInfo: /home/victor/Documents/codes/trab/personal-blog-back/node_modules/@adonisjs/auth/build/src/TokenProviders/Database/node_modules
[14:48:52.118] DirectoryWatcher:: Added:: WatchInfo: /home/victor/Documents/codes/trab/personal-blog-back/node_modules/@adonisjs/auth/build/src/TokenProviders/Database/node_modules 1 undefined Project: /dev/null/inferredProject2* watcher already invoked: false
[14:48:52.118] Elapsed:: 0.07115599978715181ms DirectoryWatcher:: Added:: WatchInfo: /home/victor/Documents/codes/trab/personal-blog-back/node_modules/@adonisjs/auth/build/src/TokenProviders/Database/node_modules 1 undefined Project: /dev/null/inferredProject2* watcher already invoked: false
[14:48:52.118] Installing typings ["@ioc:Adonis/Addons"]
[14:48:52.118] '@ioc:Adonis/Addons':: 'ioc:Adonis__Addons' is in missingTypingsSet - skipping...
[14:48:52.118] All typings are known to be missing or invalid - no need to install more typings
[14:48:52.118] Sending response:
    {"projectName":"/dev/null/inferredProject2*","typeAcquisition":{"enable":true,"include":[],"exclude":[]},"compilerOptions":{"module":1,"target":3,"jsx":1,"allowJs":true,"allowSyntheticDefaultImports":true,"allowNonTsExtensions":true,"noEmitForJsFiles":true,"maxNodeModuleJsDepth":2},"typings":[],"unresolvedImports":["@ioc:Adonis/Addons"],"kind":"action::set"}
[14:48:52.118] Response has been sent.
